<?xml version="1.0" encoding="UTF-8"?>
<!-- Generated by org.testng.reporters.JUnitReportReporter -->
<testsuite hostname="DESKTOP-8NKCI08" failures="0" tests="8" name="com.sgtesting.pocAssignments.Assignment2CreateAndModifyUSer" time="87.100" errors="0" timestamp="2022-12-28T17:45:31 IST" skipped="0">
  <testcase classname="com.sgtesting.pocAssignments.Assignment2CreateAndModifyUSer" name="launchBrowser" time="5.633"/>
  <system-out/>
  <testcase classname="com.sgtesting.pocAssignments.Assignment2CreateAndModifyUSer" name="navigate" time="4.371"/>
  <system-out/>
  <testcase classname="com.sgtesting.pocAssignments.Assignment2CreateAndModifyUSer" name="login" time="9.648"/>
  <system-out/>
  <testcase classname="com.sgtesting.pocAssignments.Assignment2CreateAndModifyUSer" name="Createuser" time="42.050"/>
  <system-out/>
  <testcase classname="com.sgtesting.pocAssignments.Assignment2CreateAndModifyUSer" name="modifyUser" time="14.623"/>
  <system-out/>
  <testcase classname="com.sgtesting.pocAssignments.Assignment2CreateAndModifyUSer" name="deleteuser1" time="9.494"/>
  <system-out/>
  <testcase classname="com.sgtesting.pocAssignments.Assignment2CreateAndModifyUSer" name="logout" time="0.733"/>
  <system-out/>
  <testcase classname="com.sgtesting.pocAssignments.Assignment2CreateAndModifyUSer" name="close" time="0.548"/>
  <system-out/>
</testsuite> <!-- com.sgtesting.pocAssignments.Assignment2CreateAndModifyUSer -->
