<?xml version="1.0" encoding="UTF-8"?>
<!-- Generated by org.testng.reporters.JUnitReportReporter -->
<testsuite hostname="DESKTOP-8NKCI08" failures="0" tests="7" name="com.sgtesting.pocAssignments.Assignment4CreateAndDeleteCustomer" time="51.476" errors="0" timestamp="2022-12-28T17:45:31 IST" skipped="0">
  <testcase classname="com.sgtesting.pocAssignments.Assignment4CreateAndDeleteCustomer" name="launchBrowser" time="2.746"/>
  <system-out/>
  <testcase classname="com.sgtesting.pocAssignments.Assignment4CreateAndDeleteCustomer" name="navigate" time="5.380"/>
  <system-out/>
  <testcase classname="com.sgtesting.pocAssignments.Assignment4CreateAndDeleteCustomer" name="login" time="9.691"/>
  <system-out/>
  <testcase classname="com.sgtesting.pocAssignments.Assignment4CreateAndDeleteCustomer" name="createcustomer" time="13.763"/>
  <system-out/>
  <testcase classname="com.sgtesting.pocAssignments.Assignment4CreateAndDeleteCustomer" name="deleteCustomer" time="15.592"/>
  <system-out/>
  <testcase classname="com.sgtesting.pocAssignments.Assignment4CreateAndDeleteCustomer" name="logout" time="3.867"/>
  <system-out/>
  <testcase classname="com.sgtesting.pocAssignments.Assignment4CreateAndDeleteCustomer" name="close" time="0.437"/>
  <system-out/>
</testsuite> <!-- com.sgtesting.pocAssignments.Assignment4CreateAndDeleteCustomer -->
