<?xml version="1.0" encoding="UTF-8"?>
<!-- Generated by org.testng.reporters.JUnitReportReporter -->
<testsuite hostname="DESKTOP-8NKCI08" failures="0" tests="9" name="com.sgtesting.pocAssignments.Assignment6CreateanddeleteCustomerAndProject" time="86.442" errors="0" timestamp="2022-12-28T13:55:32 IST" skipped="0">
  <testcase classname="com.sgtesting.pocAssignments.Assignment6CreateanddeleteCustomerAndProject" name="launchBrowser" time="4.997"/>
  <system-out/>
  <testcase classname="com.sgtesting.pocAssignments.Assignment6CreateanddeleteCustomerAndProject" name="navigate" time="4.243"/>
  <system-out/>
  <testcase classname="com.sgtesting.pocAssignments.Assignment6CreateanddeleteCustomerAndProject" name="login" time="6.672"/>
  <system-out/>
  <testcase classname="com.sgtesting.pocAssignments.Assignment6CreateanddeleteCustomerAndProject" name="createcustomer" time="16.555"/>
  <system-out/>
  <testcase classname="com.sgtesting.pocAssignments.Assignment6CreateanddeleteCustomerAndProject" name="createProjct" time="14.817"/>
  <system-out/>
  <testcase classname="com.sgtesting.pocAssignments.Assignment6CreateanddeleteCustomerAndProject" name="deleteProjct" time="19.298"/>
  <system-out/>
  <testcase classname="com.sgtesting.pocAssignments.Assignment6CreateanddeleteCustomerAndProject" name="deleteCustomer" time="15.806"/>
  <system-out/>
  <testcase classname="com.sgtesting.pocAssignments.Assignment6CreateanddeleteCustomerAndProject" name="logout" time="3.522"/>
  <system-out/>
  <testcase classname="com.sgtesting.pocAssignments.Assignment6CreateanddeleteCustomerAndProject" name="close" time="0.532"/>
  <system-out/>
</testsuite> <!-- com.sgtesting.pocAssignments.Assignment6CreateanddeleteCustomerAndProject -->
