<?xml version="1.0" encoding="UTF-8"?>
<!-- Generated by org.testng.reporters.JUnitReportReporter -->
<testsuite hostname="DESKTOP-8NKCI08" failures="0" tests="8" name="com.sgtesting.pocAssignments.Assignment5ModifyCustomer" time="65.730" errors="0" timestamp="2022-12-28T12:01:24 IST" skipped="0">
  <testcase classname="com.sgtesting.pocAssignments.Assignment5ModifyCustomer" name="launchBrowser" time="4.819"/>
  <system-out/>
  <testcase classname="com.sgtesting.pocAssignments.Assignment5ModifyCustomer" name="navigate" time="4.235"/>
  <system-out/>
  <testcase classname="com.sgtesting.pocAssignments.Assignment5ModifyCustomer" name="login" time="10.028"/>
  <system-out/>
  <testcase classname="com.sgtesting.pocAssignments.Assignment5ModifyCustomer" name="createcustomer" time="14.338"/>
  <system-out/>
  <testcase classname="com.sgtesting.pocAssignments.Assignment5ModifyCustomer" name="Modifycustomer" time="15.071"/>
  <system-out/>
  <testcase classname="com.sgtesting.pocAssignments.Assignment5ModifyCustomer" name="deleteCustomer" time="13.237"/>
  <system-out/>
  <testcase classname="com.sgtesting.pocAssignments.Assignment5ModifyCustomer" name="logout" time="3.520"/>
  <system-out/>
  <testcase classname="com.sgtesting.pocAssignments.Assignment5ModifyCustomer" name="close" time="0.482"/>
  <system-out/>
</testsuite> <!-- com.sgtesting.pocAssignments.Assignment5ModifyCustomer -->
