<?xml version="1.0" encoding="UTF-8"?>
<!-- Generated by org.testng.reporters.JUnitReportReporter -->
<testsuite hostname="DESKTOP-8NKCI08" failures="0" tests="3" name="com.sgtesting.pocAssignments.Products" time="0.017" errors="0" timestamp="2022-12-27T13:41:53 IST" skipped="0">
  <testcase classname="com.sgtesting.pocAssignments.Products" name="deleteProduct" time="0.003"/>
  <system-out/>
  <testcase classname="com.sgtesting.pocAssignments.Products" name="createProduct" time="0.010"/>
  <system-out/>
  <testcase classname="com.sgtesting.pocAssignments.Products" name="modifyProduct" time="0.004"/>
  <system-out/>
</testsuite> <!-- com.sgtesting.pocAssignments.Products -->
