<?xml version="1.0" encoding="UTF-8"?>
<!-- Generated by org.testng.reporters.JUnitReportReporter -->
<testsuite hostname="DESKTOP-8NKCI08" failures="0" tests="10" name="com.sgtesting.pocAssignments.Assignment7ModifyProject" time="107.717" errors="0" timestamp="2022-12-28T15:58:44 IST" skipped="0">
  <testcase classname="com.sgtesting.pocAssignments.Assignment7ModifyProject" name="launchBrowser" time="6.460"/>
  <system-out/>
  <testcase classname="com.sgtesting.pocAssignments.Assignment7ModifyProject" name="navigate" time="4.292"/>
  <system-out/>
  <testcase classname="com.sgtesting.pocAssignments.Assignment7ModifyProject" name="login" time="9.611"/>
  <system-out/>
  <testcase classname="com.sgtesting.pocAssignments.Assignment7ModifyProject" name="createcustomer" time="17.032"/>
  <system-out/>
  <testcase classname="com.sgtesting.pocAssignments.Assignment7ModifyProject" name="createProjct" time="14.953"/>
  <system-out/>
  <testcase classname="com.sgtesting.pocAssignments.Assignment7ModifyProject" name="ModifyProjct" time="15.862"/>
  <system-out/>
  <testcase classname="com.sgtesting.pocAssignments.Assignment7ModifyProject" name="deleteProjct" time="18.930"/>
  <system-out/>
  <testcase classname="com.sgtesting.pocAssignments.Assignment7ModifyProject" name="deleteCustomer" time="16.077"/>
  <system-out/>
  <testcase classname="com.sgtesting.pocAssignments.Assignment7ModifyProject" name="logout" time="3.442"/>
  <system-out/>
  <testcase classname="com.sgtesting.pocAssignments.Assignment7ModifyProject" name="close" time="1.058"/>
  <system-out/>
</testsuite> <!-- com.sgtesting.pocAssignments.Assignment7ModifyProject -->
