<?xml version="1.0" encoding="UTF-8"?>
<!-- Generated by org.testng.reporters.JUnitReportReporter -->
<testsuite hostname="DESKTOP-8NKCI08" failures="0" tests="5" name="com.sgtesting.pocAssignments.Assignment1LoginLogout" time="20.861" errors="0" timestamp="2022-12-28T17:45:31 IST" skipped="0">
  <testcase classname="com.sgtesting.pocAssignments.Assignment1LoginLogout" name="launchBrowser" time="2.515"/>
  <system-out/>
  <testcase classname="com.sgtesting.pocAssignments.Assignment1LoginLogout" name="navigate" time="4.314"/>
  <system-out/>
  <testcase classname="com.sgtesting.pocAssignments.Assignment1LoginLogout" name="login" time="9.541"/>
  <system-out/>
  <testcase classname="com.sgtesting.pocAssignments.Assignment1LoginLogout" name="logout" time="3.889"/>
  <system-out/>
  <testcase classname="com.sgtesting.pocAssignments.Assignment1LoginLogout" name="close" time="0.602"/>
  <system-out/>
</testsuite> <!-- com.sgtesting.pocAssignments.Assignment1LoginLogout -->
